<?xml version="1.0" encoding="UTF-8" ?>
<testsuite tests="6" failures="2" name="tests.RunTest" time="0.03" errors="0" skipped="0">
  <properties>
[...]
</properties>
  <testcase classname="Scenario: Login Sucessfull with valid credentials" name="Given User is on home page" time="0.023"/>
  <testcase classname="Scenario: Login Sucessfull with valid credentials" name="When User enters username and password" time="0"/>
  <testcase classname="Scenario: Login Sucessfull with valid credentials" name="And User clicks on GO button" time="0.001"/>
  <testcase classname="Scenario: Login Sucessfull with valid credentials" name="Then He can visit the practice page" time="0.001"/>
  <testcase classname="Scenario: Login Sucessfull with valid credentials" name="And A message is displayed" time="0.002">
    <failure message="
Expecting:
 &lt;&quot;Lets Kode it&quot;&gt;
to end with:
 &lt;&quot;Practice Page&quot;&gt;
" type="java.lang.AssertionError">java.lang.AssertionError: 
Expecting:
 &lt;&quot;Lets Kode it&quot;&gt;
to end with:
 &lt;&quot;Practice Page&quot;&gt;

	at stepdefinition.TestingSteps.a_message_is_displayed(TestingSteps.java:57)
	at ✽.And A message is displayed(logintest.feature:9)
</failure>
    <system-out>Lets Kode it
</system-out>
  </testcase>
  <testcase classname="Scenario: Login Sucessfull with valid credentials" name="Scenario: Login Sucessfull with valid credentials" time="0.003">
    <failure message="
Expecting:
 &lt;&quot;Lets Kode it&quot;&gt;
to end with:
 &lt;&quot;Practice Page&quot;&gt;
" type="java.lang.AssertionError">java.lang.AssertionError: 
Expecting:
 &lt;&quot;Lets Kode it&quot;&gt;
to end with:
 &lt;&quot;Practice Page&quot;&gt;

	at stepdefinition.TestingSteps.a_message_is_displayed(TestingSteps.java:57)
	at ✽.And A message is displayed(logintest.feature:9)
</failure>
  </testcase>
</testsuite>